<?xml version="1.0" encoding="utf-8"?><testsuites><testsuite name="pytest" errors="0" failures="0" skipped="0" tests="8" time="7.105" timestamp="2025-10-28T01:44:29.598198" hostname="runnervmwhb2z"><testcase classname="tests.integration.test_mmi_file_parsing.TestMMIFileParsing" name="test_mmi_files_exist" time="0.001" /><testcase classname="tests.integration.test_mmi_file_parsing.TestMMIFileParsing" name="test_parse_single_mmi_file" time="0.071" /><testcase classname="tests.integration.test_mmi_file_parsing.TestMMIFileParsing" name="test_parse_all_mmi_files" time="6.967" /><testcase classname="tests.integration.test_mmi_file_parsing.TestMMIFileParsing" name="test_mmi_file_sizes_distribution" time="0.001" /><testcase classname="tests.integration.test_mmi_file_parsing.TestMMIFileParsing" name="test_mmi_directory_structure" time="0.001" /><testcase classname="tests.integration.test_mmi_file_parsing.TestMMIFileParsing" name="test_mmi_dynamic_packet_decoding" time="0.000" /><testcase classname="tests.integration.test_mmi_file_parsing.TestMMIFileParsing" name="test_mmi_status_packet_decoding" time="0.000" /><testcase classname="tests.integration.test_mmi_file_parsing.TestMMIPerformance" name="test_large_mmi_file_performance" time="0.041" /></testsuite></testsuites>