<?xml version="1.0" encoding="utf-8"?><testsuites><testsuite name="pytest" errors="0" failures="0" skipped="0" tests="7" time="0.031" timestamp="2025-10-28T01:44:29.361203" hostname="runnervmwhb2z"><testcase classname="tests.integration.test_ru_file_parsing.TestRUFileParsing" name="test_ru_files_exist" time="0.001" /><testcase classname="tests.integration.test_ru_file_parsing.TestRUFileParsing" name="test_parse_single_ru_file" time="0.001" /><testcase classname="tests.integration.test_ru_file_parsing.TestRUFileParsing" name="test_parse_all_ru_files" time="0.001" /><testcase classname="tests.integration.test_ru_file_parsing.TestRUFileParsing" name="test_ru_packet_types_coverage" time="0.001" /><testcase classname="tests.integration.test_ru_file_parsing.TestRUFileParsing" name="test_ru_error_handling_truncated_file" time="0.000" /><testcase classname="tests.integration.test_ru_file_parsing.TestRUFileParsing" name="test_ru_error_handling_invalid_data" time="0.000" /><testcase classname="tests.integration.test_ru_file_parsing.TestRUPerformance" name="test_large_file_performance" time="0.006" /></testsuite></testsuites>